<?xml version="1.0" encoding="UTF-8"?>
<!-- Generated by org.testng.reporters.JUnitReportReporter -->
<testsuite hostname="DESKTOP-P7PBAID" failures="0" tests="1" name="testrunner.TestRunner1" time="10.332" errors="0" timestamp="2023-06-22T08:48:37 IST" skipped="0">
  <testcase classname="testrunner.TestRunner1" name="test1" time="10.332"/>
</testsuite> <!-- testrunner.TestRunner1 -->
