<?xml version="1.0" encoding="UTF-8"?>
<!-- Generated by org.testng.reporters.JUnitReportReporter -->
<testsuite hostname="DESKTOP-P7PBAID" failures="0" tests="1" name="testrunner.Testrunner2" time="9.050" errors="0" timestamp="2023-06-21T09:51:04 IST" skipped="0">
  <testcase classname="testrunner.Testrunner2" name="test1" time="9.050"/>
</testsuite> <!-- testrunner.Testrunner2 -->
