<?xml version="1.0" encoding="UTF-8"?>
<!-- Generated by org.testng.reporters.JUnitReportReporter -->
<testsuite hostname="DESKTOP-P7PBAID" failures="0" tests="1" name="pom.Testrunner" time="12.958" errors="0" timestamp="2023-06-20T10:48:12 IST" skipped="0">
  <testcase classname="pom.Testrunner" name="test1" time="12.958"/>
</testsuite> <!-- pom.Testrunner -->
