<?xml version="1.0" encoding="UTF-8"?>
<!-- Generated by org.testng.reporters.JUnitReportReporter -->
<testsuite hostname="DESKTOP-P7PBAID" failures="0" tests="1" name="Krishna.Runner_Script" time="12.578" errors="0" timestamp="2023-06-15T11:11:23 IST" skipped="0">
  <testcase classname="Krishna.Runner_Script" name="validlogin" time="12.578"/>
</testsuite> <!-- Krishna.Runner_Script -->
