<?xml version="1.0" encoding="UTF-8"?>
<!-- Generated by org.testng.reporters.JUnitReportReporter -->
<testsuite hostname="DESKTOP-P7PBAID" failures="0" tests="1" name="Krishna.Properties1" time="0.033" errors="0" timestamp="2023-06-22T10:47:29 IST" skipped="0">
  <testcase classname="Krishna.Properties1" name="test1" time="0.033"/>
</testsuite> <!-- Krishna.Properties1 -->
