<?xml version="1.0" encoding="UTF-8"?>
<!-- Generated by org.testng.reporters.JUnitReportReporter -->
<testsuite hostname="DESKTOP-P7PBAID" failures="0" tests="2" name="Krishna.Newcls" time="22.739" errors="0" timestamp="2023-06-15T11:19:23 IST" skipped="0">
  <testcase classname="Krishna.Newcls" name="demo2" time="9.776"/>
  <testcase classname="Krishna.Newcls" name="demo1" time="12.963"/>
</testsuite> <!-- Krishna.Newcls -->
