<?xml version="1.0" encoding="UTF-8"?>
<!-- Generated by org.testng.reporters.JUnitReportReporter -->
<testsuite hostname="DESKTOP-P7PBAID" failures="0" tests="1" name="Krishna.Twoclass" time="10.911" errors="0" timestamp="2023-06-15T11:24:56 IST" skipped="0">
  <testcase classname="Krishna.Twoclass" name="demo1" time="10.911"/>
</testsuite> <!-- Krishna.Twoclass -->
