<?xml version="1.0" encoding="UTF-8"?>
<!-- Generated by org.testng.reporters.JUnitReportReporter -->
<testsuite hostname="DESKTOP-P7PBAID" failures="0" tests="1" name="Krishna.Qsp" time="0.062" errors="0" timestamp="2023-06-13T12:35:00 IST" skipped="0">
  <testcase classname="Krishna.Qsp" name="method" time="0.062">
    <system-out>
      <![CDATA[hi]]>
    </system-out>
  </testcase> <!-- method -->
  <system-out>
    <![CDATA[hi]]>
  </system-out>
</testsuite> <!-- Krishna.Qsp -->
