<?xml version="1.0" encoding="UTF-8"?>
<!-- Generated by org.testng.reporters.JUnitReportReporter -->
<testsuite hostname="DESKTOP-P7PBAID" failures="0" tests="1" name="Krishna.Verificn" time="15.934" errors="0" timestamp="2023-06-15T14:07:42 IST" skipped="0">
  <testcase classname="Krishna.Verificn" name="veri" time="15.934"/>
</testsuite> <!-- Krishna.Verificn -->
