<?xml version="1.0" encoding="UTF-8"?>
<!-- Generated by org.testng.reporters.JUnitReportReporter -->
<testsuite hostname="DESKTOP-P7PBAID" failures="0" tests="2" name="Krishna.Demoo" time="19.859" errors="0" timestamp="2023-06-14T10:14:44 IST" skipped="0">
  <testcase classname="Krishna.Demoo" name="disp1" time="7.786"/>
  <testcase classname="Krishna.Demoo" name="disp" time="12.073"/>
</testsuite> <!-- Krishna.Demoo -->
